2022-04-09 08:56:23,905 INFO o.a.j.u.JMeterUtils: Setting Locale to en_EN
2022-04-09 08:56:23,947 INFO o.a.j.JMeter: Loading user properties from: /Users/paulosimao/Downloads/apache-jmeter-5.4.3/bin/user.properties
2022-04-09 08:56:23,948 INFO o.a.j.JMeter: Loading system properties from: /Users/paulosimao/Downloads/apache-jmeter-5.4.3/bin/system.properties
2022-04-09 08:56:23,972 INFO o.a.j.JMeter: Copyright (c) 1998-2021 The Apache Software Foundation
2022-04-09 08:56:23,972 INFO o.a.j.JMeter: Version 5.4.3
2022-04-09 08:56:23,972 INFO o.a.j.JMeter: java.version=1.8.0_321
2022-04-09 08:56:23,972 INFO o.a.j.JMeter: java.vm.name=Java HotSpot(TM) 64-Bit Server VM
2022-04-09 08:56:23,972 INFO o.a.j.JMeter: os.name=Mac OS X
2022-04-09 08:56:23,972 INFO o.a.j.JMeter: os.arch=x86_64
2022-04-09 08:56:23,972 INFO o.a.j.JMeter: os.version=12.3.1
2022-04-09 08:56:23,972 INFO o.a.j.JMeter: file.encoding=UTF-8
2022-04-09 08:56:23,972 INFO o.a.j.JMeter: java.awt.headless=null
2022-04-09 08:56:23,972 INFO o.a.j.JMeter: Max memory     =1073741824
2022-04-09 08:56:23,973 INFO o.a.j.JMeter: Available Processors =8
2022-04-09 08:56:23,981 INFO o.a.j.JMeter: Default Locale=English (EN)
2022-04-09 08:56:23,982 INFO o.a.j.JMeter: JMeter  Locale=English (EN)
2022-04-09 08:56:23,982 INFO o.a.j.JMeter: JMeterHome=/Users/paulosimao/Downloads/apache-jmeter-5.4.3
2022-04-09 08:56:23,982 INFO o.a.j.JMeter: user.dir  =/Users/paulosimao/projects/github.com/digitalcircle-com-br/study-generics-perf
2022-04-09 08:56:23,983 INFO o.a.j.JMeter: PWD       =/Users/paulosimao/projects/github.com/digitalcircle-com-br/study-generics-perf
2022-04-09 08:56:23,994 INFO o.a.j.JMeter: IP: 192.168.86.27 Name: mb.lan FullName: mb.lan
2022-04-09 08:56:24,441 INFO o.a.j.JMeter: Setting LAF to: com.github.weisj.darklaf.DarkLaf:com.github.weisj.darklaf.theme.DarculaTheme
2022-04-09 08:56:26,861 INFO o.a.j.JMeter: Loaded icon properties from org/apache/jmeter/images/icon.properties
2022-04-09 08:56:37,983 INFO o.a.j.s.FileServer: Default base='/Users/paulosimao/projects/github.com/digitalcircle-com-br/study-generics-perf'
2022-04-09 08:56:37,996 INFO o.a.j.g.a.Load: Loading file: /Users/paulosimao/projects/tmp/Thread Group.jmx
2022-04-09 08:56:37,996 INFO o.a.j.s.FileServer: Set new base='/Users/paulosimao/projects/tmp'
2022-04-09 08:56:38,205 INFO o.a.j.s.SaveService: Testplan (JMX) version: 2.2. Testlog (JTL) version: 2.2
2022-04-09 08:56:38,498 INFO o.a.j.s.SaveService: Using SaveService properties file encoding UTF-8
2022-04-09 08:56:38,499 INFO o.a.j.s.SaveService: Using SaveService properties version 5.0
2022-04-09 08:56:38,513 INFO o.a.j.s.SaveService: Loading file: /Users/paulosimao/projects/tmp/Thread Group.jmx
2022-04-09 08:56:38,595 INFO o.a.j.p.h.s.HTTPSamplerBase: Parser for text/html is org.apache.jmeter.protocol.http.parser.LagartoBasedHtmlParser
2022-04-09 08:56:38,595 INFO o.a.j.p.h.s.HTTPSamplerBase: Parser for application/xhtml+xml is org.apache.jmeter.protocol.http.parser.LagartoBasedHtmlParser
2022-04-09 08:56:38,596 INFO o.a.j.p.h.s.HTTPSamplerBase: Parser for application/xml is org.apache.jmeter.protocol.http.parser.LagartoBasedHtmlParser
2022-04-09 08:56:38,596 INFO o.a.j.p.h.s.HTTPSamplerBase: Parser for text/xml is org.apache.jmeter.protocol.http.parser.LagartoBasedHtmlParser
2022-04-09 08:56:38,596 INFO o.a.j.p.h.s.HTTPSamplerBase: Parser for text/vnd.wap.wml is org.apache.jmeter.protocol.http.parser.RegexpHTMLParser
2022-04-09 08:56:38,596 INFO o.a.j.p.h.s.HTTPSamplerBase: Parser for text/css is org.apache.jmeter.protocol.http.parser.CssParser
2022-04-09 08:56:39,681 INFO o.a.j.s.FileServer: Set new base='/Users/paulosimao/projects/tmp'
2022-04-09 08:57:19,431 INFO o.a.j.s.FileServer: Set new base='/Users/paulosimao/projects/github.com/digitalcircle-com-br/study-generics-perf'
